

              _______   D B 2  S u p p o r t   ______


This program generates information about a DB2 server, including information
about its configuration and system environment. The output of this program
is stored in a file named 'db2support.zip'. If possible, run this program
while the problem is occurring.


For the most complete output, this utility should be invoked with root
authority. Users with more limited privileges on the system can run this tool,
however, some of the data collection actions will result in reduced reporting
and reduced output.

Output file is "/database/config/db2icrt/db2support.zip"
Time and date of this collection: 2020-07-03-17.29.39.135285

Creating directory /database/config/db2icrt/DB2SUPPORT
Starting collection on host aa879ff7583e
Collecting resources group information
   The following file was not found or could not be executed during diagnostic
   data collection: /usr/bin/lssam
   The following file was not found or could not be executed during diagnostic
   data collection: /usr/bin/lsrsrc
   The following file was not found or could not be executed during diagnostic
   data collection: /usr/bin/lsrsrc
Collecting user identity information
Collecting current process information
Collecting active interprocess communications facilities information
Collecting system information
Collecting detailed data on system and hardware errors
   The following file was not found or could not be executed during diagnostic
   data collection: /usr/bin/errpt
Collecting registry contents
Collecting GPFS information
   The following file was not found or could not be executed during diagnostic
   data collection: /usr/lpp/mmfs/bin/gpfs.snap
Collecting configuration, log and trace information for RSCT
   The following file was not found or could not be executed during diagnostic
   data collection: /usr/bin/ctsnap
Collecting information about installed DB2 products
Collecting information about state of db2 instance
Collecting information about DB2 product prerequisites
Collecting /etc/services 
Collecting /tmp/db2icrt.log.70
Collection on host aa879ff7583e completed
Compressing files in /database/config/db2icrt/DB2SUPPORT directory 
Collecting /database/config/db2icrt/db2support.log 
Collecting db2support.out 


db2support is now complete.
 An archive file has been produced: "/database/config/db2icrt/db2support.zip"

"15" warnings found during db2support collection
