
2020-07-03-17.29.39.340088+000 I1E392             LEVEL: Warning
PID     : 1045                 TID : 140209543604032
FUNCTION: DB2 Common, IBM DB2SUPPORT API, suppInstallPerformCollectionOnHost, probe:60
MESSAGE : ECF=0x9000001A File doesn't exist
DATA #1 : String, 114 bytes
   The following file was not found or could not be executed during diagnostic
   data collection: /usr/bin/lssam


2020-07-03-17.29.39.350765+000 I394E393           LEVEL: Warning
PID     : 1045                 TID : 140209543604032
FUNCTION: DB2 Common, IBM DB2SUPPORT API, suppInstallPerformCollectionOnHost, probe:60
MESSAGE : ECF=0x9000001A File doesn't exist
DATA #1 : String, 115 bytes
   The following file was not found or could not be executed during diagnostic
   data collection: /usr/bin/lsrsrc


2020-07-03-17.29.39.353819+000 I788E393           LEVEL: Warning
PID     : 1045                 TID : 140209543604032
FUNCTION: DB2 Common, IBM DB2SUPPORT API, suppInstallPerformCollectionOnHost, probe:60
MESSAGE : ECF=0x9000001A File doesn't exist
DATA #1 : String, 115 bytes
   The following file was not found or could not be executed during diagnostic
   data collection: /usr/bin/lsrsrc


2020-07-03-17.29.39.418165+000 I1182E392          LEVEL: Warning
PID     : 1045                 TID : 140209543604032
FUNCTION: DB2 Common, IBM DB2SUPPORT API, suppInstallPerformCollectionOnHost, probe:60
MESSAGE : ECF=0x9000001A File doesn't exist
DATA #1 : String, 114 bytes
   The following file was not found or could not be executed during diagnostic
   data collection: /usr/bin/errpt


2020-07-03-17.29.39.447402+000 I1575E405          LEVEL: Warning
PID     : 1045                 TID : 140209543604032
FUNCTION: DB2 Common, IBM DB2SUPPORT API, suppInstallPerformCollectionOnHost, probe:60
MESSAGE : ECF=0x9000001A File doesn't exist
DATA #1 : String, 127 bytes
   The following file was not found or could not be executed during diagnostic
   data collection: /usr/lpp/mmfs/bin/gpfs.snap


2020-07-03-17.29.39.450847+000 I1981E393          LEVEL: Warning
PID     : 1045                 TID : 140209543604032
FUNCTION: DB2 Common, IBM DB2SUPPORT API, suppInstallPerformCollectionOnHost, probe:60
MESSAGE : ECF=0x9000001A File doesn't exist
DATA #1 : String, 115 bytes
   The following file was not found or could not be executed during diagnostic
   data collection: /usr/bin/ctsnap


2020-07-03-17.29.42.372945+000 I2375E289          LEVEL: Warning
PID     : 1045                 TID : 140209543604032
FUNCTION: DB2 Common, IBM DB2SUPPORT API, suppCollectSpecificFiles, probe:60
MESSAGE : ECF=0x90000002 Failed
DATA #1 : String, 34 bytes
Files "db2diag.log*" do not exist


2020-07-03-17.29.42.379801+000 I2665E286          LEVEL: Warning
PID     : 1045                 TID : 140209543604032
FUNCTION: DB2 Common, IBM DB2SUPPORT API, suppCollectSpecificFiles, probe:60
MESSAGE : ECF=0x90000002 Failed
DATA #1 : String, 31 bytes
Files "db2iupdt*" do not exist


2020-07-03-17.29.42.382467+000 I2952E286          LEVEL: Warning
PID     : 1045                 TID : 140209543604032
FUNCTION: DB2 Common, IBM DB2SUPPORT API, suppCollectSpecificFiles, probe:60
MESSAGE : ECF=0x90000002 Failed
DATA #1 : String, 31 bytes
Files "db2idrop*" do not exist


2020-07-03-17.29.42.385219+000 I3239E293          LEVEL: Warning
PID     : 1045                 TID : 140209543604032
FUNCTION: DB2 Common, IBM DB2SUPPORT API, suppCollectSpecificFiles, probe:60
MESSAGE : ECF=0x90000002 Failed
DATA #1 : String, 38 bytes
Files "ibm.db2.cluster*" do not exist


2020-07-03-17.29.42.388618+000 I3533E285          LEVEL: Warning
PID     : 1045                 TID : 140209543604032
FUNCTION: DB2 Common, IBM DB2SUPPORT API, suppCollectSpecificFiles, probe:60
MESSAGE : ECF=0x90000002 Failed
DATA #1 : String, 30 bytes
Files "db2log.*" do not exist


2020-07-03-17.29.42.391180+000 I3819E287          LEVEL: Warning
PID     : 1045                 TID : 140209543604032
FUNCTION: DB2 Common, IBM DB2SUPPORT API, suppCollectSpecificFiles, probe:60
MESSAGE : ECF=0x90000002 Failed
DATA #1 : String, 32 bytes
Files "db2setup.*" do not exist


2020-07-03-17.29.42.394378+000 I4107E289          LEVEL: Warning
PID     : 1045                 TID : 140209543604032
FUNCTION: DB2 Common, IBM DB2SUPPORT API, suppCollectSpecificFiles, probe:60
MESSAGE : ECF=0x90000002 Failed
DATA #1 : String, 34 bytes
Files "db2trc.trc.*" do not exist


2020-07-03-17.29.42.396624+000 I4397E292          LEVEL: Warning
PID     : 1045                 TID : 140209543604032
FUNCTION: DB2 Common, IBM DB2SUPPORT API, suppCollectSpecificFiles, probe:60
MESSAGE : ECF=0x90000002 Failed
DATA #1 : String, 37 bytes
Files "installFixPack*" do not exist


2020-07-03-17.29.42.399386+000 I4690E280          LEVEL: Warning
PID     : 1045                 TID : 140209543604032
FUNCTION: DB2 Common, IBM DB2SUPPORT API, suppCollectSpecificFiles, probe:60
MESSAGE : ECF=0x90000002 Failed
DATA #1 : String, 25 bytes
Files "fp*" do not exist

